make all --print-data-base --no-builtin-variables --no-builtin-rules --question
# GNU Make 3.81
# Copyright (C) 2006  Free Software Foundation, Inc.
# This is free software; see the source for copying conditions.
# There is NO warranty; not even for MERCHANTABILITY or FITNESS FOR A
# PARTICULAR PURPOSE.

# This program built for i386-apple-darwin11.3.0
 

# Make data base, printed on Wed Jan  5 17:52:01 2022

# Variables

# automatic
<D = $(patsubst %/,%,$(dir $<))
# automatic
?F = $(notdir $?)
# environment
VSCODE_LOG_NATIVE = false
# automatic
?D = $(patsubst %/,%,$(dir $?))
# environment
SSH_AUTH_SOCK = /private/tmp/com.apple.launchd.SjDHYShxdt/Listeners
# automatic
@D = $(patsubst %/,%,$(dir $@))
# automatic
@F = $(notdir $@)
# makefile
CURDIR := /Users/jeko/Documents/billing/cordova-plugin-purchase
# makefile
SHELL = /bin/sh
# environment
VSCODE_NLS_CONFIG = {"locale":"en-us","availableLanguages":{},"_languagePackSupport":true}
# environment
_ = /usr/bin/make
# environment
GITHUB_TOKEN = 3246c378ee81b42c87ecb1f4218b8955700734e2
# makefile (from `Makefile', line 1)
MAKEFILE_LIST :=  Makefile
# environment
VSCODE_VERBOSE_LOGGING = true
# environment
__CFBundleIdentifier = com.microsoft.VSCode
# environment
INFOPATH = /opt/homebrew/share/info:
# environment
VSCODE_IPC_HOOK_EXTHOST = /var/folders/5v/rnjwkhbd3jj82_85_v207nsh0000gn/T/vscode-ipc-1a1406ab-e5ef-46f8-be6a-e801cd8b249a.sock
# environment
VSCODE_CWD = /
# environment
PATH = /Users/jeko/bin:/Users/jeko/Library/Android/sdk/tools:/Users/jeko/Library/Android/sdk/platform-tools:/opt/homebrew/opt/node@14/bin:/opt/homebrew/bin:/opt/homebrew/sbin:/usr/local/bin:/usr/bin:/bin:/usr/sbin:/sbin:/Library/Apple/usr/bin
# environment
LaunchInstanceID = 5C9DFD99-FE09-42B4-8798-A241A5E82692
# environment
VSCODE_LOG_STACK = false
# environment
ELECTRON_RUN_AS_NODE = 1
# environment
ANDROID_HOME = /Users/jeko/Library/Android/sdk
# default
.FEATURES := target-specific order-only second-expansion else-if archives jobserver check-symlink
# environment
GITHUB_API_TOKEN = 3246c378ee81b42c87ecb1f4218b8955700734e2
# automatic
%F = $(notdir $%)
# environment
VISUAL = vim
# environment
VSCODE_PIPE_LOGGING = true
# environment
PWD = /Users/jeko/Documents/billing/cordova-plugin-purchase
# environment
HOMEBREW_CELLAR = /opt/homebrew/Cellar
# environment
NDK_HOME = /Users/jeko/Library/Android/sdk/ndk-bundle
# environment
ORIGINAL_XDG_CURRENT_DESKTOP = undefined
# environment
MANPATH = /opt/homebrew/share/man::
# environment
VSCODE_AMD_ENTRYPOINT = vs/workbench/services/extensions/node/extensionHostProcess
# environment
HOME = /Users/jeko
# default
MAKEFILEPATH := /Applications/Xcode.app/Contents/Developer/Makefiles
# environment
VSCODE_CODE_CACHE_PATH = /Users/jeko/Library/Application Support/Code/CachedData/899d46d82c4c95423fb7e10e68eba52050e30ba3
# environment
LOGNAME = jeko
# environment
APPLICATION_INSIGHTS_NO_DIAGNOSTIC_CHANNEL = true
# environment
VSCODE_HANDLES_UNCAUGHT_ERRORS = true
# automatic
^D = $(patsubst %/,%,$(dir $^))
# environment
XPC_FLAGS = 0x0
# default
MAKE = $(MAKE_COMMAND)
# default
MAKECMDGOALS := all
# environment
SHLVL = 1
# default
MAKE_VERSION := 3.81
# environment
USER = jeko
# makefile
.DEFAULT_GOAL := help
# automatic
%D = $(patsubst %/,%,$(dir $%))
# default
MAKE_COMMAND := /Applications/Xcode.app/Contents/Developer/usr/bin/make
# default
.VARIABLES := 
# environment
TMPDIR = /var/folders/5v/rnjwkhbd3jj82_85_v207nsh0000gn/T/
# automatic
*F = $(notdir $*)
# environment
VSCODE_IPC_HOOK = /Users/jeko/Library/Application Support/Code/1.63.2-main.sock
# makefile (from `Makefile', line 1)
NODE_MODULES = node_modules
# makefile
MAKEFLAGS = Rrqp
# environment
MFLAGS = -Rrqp
# automatic
*D = $(patsubst %/,%,$(dir $*))
# environment
XPC_SERVICE_NAME = application.com.microsoft.VSCode.4645645.4645651
# environment
HOMEBREW_PREFIX = /opt/homebrew
# automatic
+D = $(patsubst %/,%,$(dir $+))
# automatic
+F = $(notdir $+)
# environment
HOMEBREW_REPOSITORY = /opt/homebrew
# environment
__CF_USER_TEXT_ENCODING = 0x1F5:0x0:0x0
# environment
COMMAND_MODE = unix2003
# default
MAKEFILES := 
# automatic
<F = $(notdir $<)
# environment
EDITOR = vim
# environment
LC_ALL = C
# environment
SECURITYSESSIONID = 186a4
# automatic
^F = $(notdir $^)
# default
SUFFIXES := 
# environment
MAKELEVEL := 0
# environment
LANG = C
# environment
TERM = xterm-256color
# environment
VSCODE_PID = 591
# variable set hash-table stats:
# Load=76/1024=7%, Rehash=0, Collisions=3/105=3%

# Pattern-specific Variable Values

# No pattern-specific variable values.

 
# Directories

# . (device 16777232, inode 1777876): 25 files, no impossibilities.

# 25 files, no impossibilities in 1 directories.

# Implicit Rules

# No implicit rules.

# Files

test-js-coverage: jshint eslint prepare-test-js
#  Implicit rule search has not been done.
#  Modification time never checked.
#  File has not been updated.
#  commands to execute (from `Makefile', line 65):
	@echo "- Mocha / Instanbul"
	@${NODE_MODULES}/.bin/istanbul cover --root test/ test/js/run.js
	@${NODE_MODULES}/.bin/coveralls < coverage/lcov.info
	@echo "  Done"
	@echo ""
	

all: build doc
#  Command-line target.
#  Implicit rule search has been done.
#  File does not exist.
#  File has been updated.
#  Needs to be updated (-q is set).
# variable set hash-table stats:
# Load=0/32=0%, Rehash=0, Collisions=0/5=0%

prepare-test-js:
#  Implicit rule search has not been done.
#  Modification time never checked.
#  File has not been updated.
#  commands to execute (from `Makefile', line 35):
	@mkdir -p test/tmp
	@${NODE_MODULES}/.bin/preprocess src/js/store-test.js src/js > test/tmp/store-test.js
	@cp src/js/platforms/*-adapter.js test/tmp/
	@#${NODE_MODULES}/.bin/istanbul instrument --no-compact --output test/tmp/store-test.js test/store-test-src.js
	

test-js: jshint eslint prepare-test-js
#  Implicit rule search has not been done.
#  Modification time never checked.
#  File has not been updated.
#  commands to execute (from `Makefile', line 59):
	@echo "- Mocha"
	@${NODE_MODULES}/.bin/istanbul test --root test/tmp test/js/run.js
	@echo "  Done"
	@echo ""
	

doc-api: test-js
#  Implicit rule search has not been done.
#  Modification time never checked.
#  File has not been updated.
#  commands to execute (from `Makefile', line 87):
	@echo "# API Documentation" > doc/api.md
	@echo >> doc/api.md
	@echo "*(generated from source files using \`make doc-api)\`*" >> doc/api.md
	@echo >> doc/api.md
	@cat test/tmp/store-test.js | grep "///" | cut -d/ -f4- | cut -d\  -f2- >> doc/api.md
	

check-jshint:
#  Implicit rule search has not been done.
#  Modification time never checked.
#  File has not been updated.
#  commands to execute (from `Makefile', line 84):
	@test -e "${NODE_MODULES}/.bin/jshint" || ( echo "${NODE_MODULES} not found."; echo 'Please install dependencies: npm install'; exit 1 )
	

tests: test-js test-install
#  Implicit rule search has not been done.
#  Modification time never checked.
#  File has not been updated.
#  commands to execute (from `Makefile', line 81):
	@echo 'ok'
	

# Not a target:
.SUFFIXES:
#  Implicit rule search has not been done.
#  Modification time never checked.
#  File has not been updated.

# Not a target:
Makefile:
#  Implicit rule search has been done.
#  Last modified 2019-11-06 21:12:35
#  File has been updated.
#  Successfully updated.
# variable set hash-table stats:
# Load=0/32=0%, Rehash=0, Collisions=0/0=0%

preprocess:
#  Implicit rule search has not been done.
#  Implicit/static pattern stem: `'
#  File does not exist.
#  File has been updated.
#  Needs to be updated (-q is set).
# automatic
# @ := preprocess
# automatic
# % := 
# automatic
# * := 
# automatic
# + := 
# automatic
# | := 
# automatic
# < := 
# automatic
# ^ := 
# automatic
# ? := 
# variable set hash-table stats:
# Load=8/32=25%, Rehash=0, Collisions=1/13=8%
#  commands to execute (from `Makefile', line 27):
	@echo "- Preprocess"
	@${NODE_MODULES}/.bin/preprocess src/js/store-ios.js src/js > www/store-ios.js
	@${NODE_MODULES}/.bin/preprocess src/js/store-android.js src/js > www/store-android.js
	@${NODE_MODULES}/.bin/preprocess src/js/store-windows.js src/js > www/store-windows.js
	@echo "  Done"
	@echo ""
	

javalint: .checkstyle.jar
#  Implicit rule search has not been done.
#  Modification time never checked.
#  File has not been updated.
#  commands to execute (from `Makefile', line 75):
	java -jar .checkstyle.jar -c /sun_checks.xml src/android/cc/fovea/PurchasePlugin.java
	

build: preprocess test-js
#  Implicit rule search has been done.
#  File does not exist.
#  File has been updated.
#  Needs to be updated (-q is set).
# variable set hash-table stats:
# Load=0/32=0%, Rehash=0, Collisions=0/5=0%

jshint: check-jshint
#  Implicit rule search has not been done.
#  Modification time never checked.
#  File has not been updated.
#  commands to execute (from `Makefile', line 41):
	@echo "- JSHint"
	@${NODE_MODULES}/.bin/jshint --config .jshintrc src/js/*.js src/js/platforms/*.js test/js/*.js src/windows/*.js
	@echo "  Done"
	@echo ""
	

help:
#  Implicit rule search has not been done.
#  Modification time never checked.
#  File has not been updated.
#  commands to execute (from `Makefile', line 3):
	@echo ""
	@echo "Usage: make <target>"
	@echo ""
	@echo "available targets:"
	@echo "    build ............. Generate javascript files for iOS and Android."
	@echo "    tests ............. Run all tests."
	@echo "    test-js ........... Test javascript files for errors."
	@echo "    test-js-coverage .. Test javascript with coverage information."
	@echo "    test-install ...... Test plugin installation on iOS and Android."
	@echo "    doc-api ........... Generate API documentation into doc/api.md"
	@echo "    doc-contrib ....... Generate Contributor Guide into doc/contributor-guide.md"
	@echo "    clean ............. Cleanup the project (temporary and generated files)."
	@echo ""
	@echo "extra targets"
	@echo "    all ............ Generate javascript files and documentation"
	@echo ""
	@echo "(c)2014-2019, Jean-Christophe Hoelt <hoelt@fovea.cc>"
	@echo ""
	

# Not a target:
.DEFAULT:
#  Implicit rule search has not been done.
#  Modification time never checked.
#  File has not been updated.

eslint: jshint
#  Implicit rule search has not been done.
#  Modification time never checked.
#  File has not been updated.
#  commands to execute (from `Makefile', line 47):
	@echo "- ESLint"
	@${NODE_MODULES}/.bin/eslint --config .eslintrc src/js/*.js src/js/platforms/*.js test/js/*.js src/windows/*.js
	@echo "  Done"
	@echo ""
	

clean:
#  Implicit rule search has not been done.
#  Modification time never checked.
#  File has not been updated.
#  commands to execute (from `Makefile', line 103):
	@find . -name '*~' -exec rm '{}' ';'
	

eslint-fix:
#  Implicit rule search has not been done.
#  Modification time never checked.
#  File has not been updated.
#  commands to execute (from `Makefile', line 53):
	@echo "- ESLint Fix"
	@${NODE_MODULES}/.bin/eslint --fix --config .eslintrc src/js/*.js src/js/platforms/*.js test/js/*.js
	@echo "  Done"
	@echo ""
	

test-install: build
#  Implicit rule search has not been done.
#  Modification time never checked.
#  File has not been updated.
#  commands to execute (from `Makefile', line 78):
	@./test/run.sh cc.fovea.babygoo babygooinapp1
	

.checkstyle.jar:
#  Implicit rule search has not been done.
#  Modification time never checked.
#  File has not been updated.
#  commands to execute (from `Makefile', line 72):
	curl "https://github.com/checkstyle/checkstyle/releases/download/checkstyle-8.23/checkstyle-8.23-all.jar" -o .checkstyle.jar -L
	

doc-contrib: test-js
#  Implicit rule search has not been done.
#  Modification time never checked.
#  File has not been updated.
#  commands to execute (from `Makefile', line 94):
	@echo "# Contributor Guide" > doc/contributor-guide.md
	@echo >> doc/contributor-guide.md
	@echo "*(generated from source files using \`make doc-contrib)\`*" >> doc/contributor-guide.md
	@echo >> doc/contributor-guide.md
	@cat src/js/*.js src/js/platforms/*.js | grep "//!" | cut -d! -f2- | cut -d\  -f2- >> doc/contributor-guide.md
	

doc: doc-api doc-contrib
#  Implicit rule search has not been done.
#  Modification time never checked.
#  File has not been updated.

# files hash-table stats:
# Load=22/1024=2%, Rehash=0, Collisions=0/56=0%
# VPATH Search Paths

# No `vpath' search paths.

# No general (`VPATH' variable) search path.

# # of strings in strcache: 1
# # of strcache buffers: 1
# strcache size: total = 4096 / max = 4096 / min = 4096 / avg = 4096
# strcache free: total = 4087 / max = 4087 / min = 4087 / avg = 4087

# Finished Make data base on Wed Jan  5 17:52:01 2022

 
